TN:
SF:src/dates.ts
FN:7,formatDate
FN:31,timeAgo
FNF:2
FNH:2
FNDA:4,formatDate
FNDA:8,timeAgo
DA:7,1
DA:8,4
DA:10,4
DA:11,1
DA:14,3
DA:15,3
DA:16,3
DA:17,3
DA:19,3
DA:31,1
DA:32,8
DA:33,8
DA:34,8
DA:36,8
DA:37,1
DA:40,7
DA:41,7
DA:42,2
DA:45,5
DA:46,5
DA:47,1
DA:50,4
DA:51,4
DA:52,1
DA:55,3
DA:56,3
DA:57,1
DA:60,2
DA:61,2
DA:62,1
DA:65,1
DA:66,1
LF:32
LH:32
BRDA:7,0,0,3
BRDA:8,1,0,2
BRDA:8,1,1,2
BRDA:10,2,0,1
BRDA:32,3,0,0
BRDA:32,3,1,8
BRDA:36,4,0,1
BRDA:37,5,0,1
BRDA:37,5,1,0
BRDA:41,6,0,2
BRDA:42,7,0,1
BRDA:42,7,1,1
BRDA:46,8,0,1
BRDA:47,9,0,1
BRDA:47,9,1,0
BRDA:51,10,0,1
BRDA:52,11,0,1
BRDA:52,11,1,0
BRDA:56,12,0,1
BRDA:57,13,0,1
BRDA:57,13,1,0
BRDA:61,14,0,1
BRDA:62,15,0,1
BRDA:62,15,1,0
BRDA:66,16,0,1
BRDA:66,16,1,0
BRF:26
BRH:19
end_of_record
TN:
SF:src/dom.ts
FN:6,copyToClipboard
FN:37,downloadFile
FNF:2
FNH:2
FNDA:2,copyToClipboard
FNDA:3,downloadFile
DA:6,1
DA:7,2
DA:9,1
DA:12,1
DA:13,1
DA:14,1
DA:15,1
DA:16,1
DA:17,1
DA:18,1
DA:19,1
DA:21,1
DA:22,1
DA:24,0
DA:27,1
DA:37,1
DA:44,3
DA:45,1
DA:46,2
DA:47,1
DA:49,1
DA:52,3
DA:53,3
DA:54,3
DA:55,3
DA:56,3
DA:57,3
DA:58,3
DA:59,3
LF:29
LH:28
BRDA:7,0,0,1
BRDA:7,0,1,1
BRDA:7,1,0,2
BRDA:7,1,1,1
BRDA:40,2,0,1
BRDA:44,3,0,1
BRDA:44,3,1,2
BRDA:46,4,0,1
BRDA:46,4,1,1
BRF:9
BRH:9
end_of_record
TN:
SF:src/numbers.ts
FN:7,formatCurrency
FN:23,addCommas
FNF:2
FNH:2
FNDA:6,formatCurrency
FNDA:9,addCommas
DA:7,1
DA:8,6
DA:15,6
DA:23,1
DA:24,9
DA:25,9
DA:28,9
DA:29,9
DA:30,9
DA:32,9
DA:33,7
DA:34,7
DA:37,9
LF:13
LH:13
BRDA:7,0,0,4
BRDA:32,1,0,7
BRF:2
BRH:2
end_of_record
TN:
SF:src/performance.ts
FN:7,debounce
FN:13,(anonymous_1)
FN:15,(anonymous_2)
FN:25,throttle
FN:31,(anonymous_4)
FNF:5
FNH:5
FNDA:2,debounce
FNDA:5,(anonymous_1)
FNDA:2,(anonymous_2)
FNDA:2,throttle
FNDA:6,(anonymous_4)
DA:7,1
DA:13,2
DA:14,5
DA:15,5
DA:25,1
DA:29,2
DA:31,2
DA:32,6
DA:34,6
DA:35,3
DA:36,3
LF:11
LH:11
BRDA:34,0,0,3
BRF:1
BRH:1
end_of_record
TN:
SF:src/strings.ts
FN:6,capitalize
FN:16,slugify
FNF:2
FNH:2
FNDA:7,capitalize
FNDA:9,slugify
DA:6,1
DA:7,7
DA:8,6
DA:16,1
DA:17,9
LF:5
LH:5
BRDA:7,0,0,1
BRF:1
BRH:1
end_of_record
